<?xml version="1.0" encoding="utf-8"?><testsuites name="pytest tests"><testsuite name="pytest" errors="0" failures="0" skipped="0" tests="73" time="74.113" timestamp="2026-07-10T21:39:11.857892+00:00" hostname="agent-env-18334660-e4b9-41af-976c-1315c453e977"><testcase classname="tests.backend_test.TestAuth" name="test_login_admin" time="0.583" /><testcase classname="tests.backend_test.TestAuth" name="test_login_employee" time="0.334" /><testcase classname="tests.backend_test.TestAuth" name="test_login_candidate" time="0.362" /><testcase classname="tests.backend_test.TestAuth" name="test_login_wrong_password" time="0.356" /><testcase classname="tests.backend_test.TestAuth" name="test_me" time="0.642" /><testcase classname="tests.backend_test.TestAuth" name="test_me_unauth" time="0.152" /><testcase classname="tests.backend_test.TestAuth" name="test_change_password_then_revert" time="1.520" /><testcase classname="tests.backend_test.TestPublicRegister" name="test_register" time="0.176" /><testcase classname="tests.backend_test.TestPublicRegister" name="test_register_duplicate" time="0.106" /><testcase classname="tests.backend_test.TestCandidates" name="test_list" time="0.126" /><testcase classname="tests.backend_test.TestCandidates" name="test_list_filter_status" time="0.116" /><testcase classname="tests.backend_test.TestCandidates" name="test_search_q" time="0.100" /><testcase classname="tests.backend_test.TestCandidates" name="test_employee_sees_only_own" time="0.629" /><testcase classname="tests.backend_test.TestCandidates" name="test_create_and_full_flow" time="1.957" /><testcase classname="tests.backend_test.TestEmployees" name="test_list" time="0.104" /><testcase classname="tests.backend_test.TestEmployees" name="test_create_update_deactivate" time="0.526" /><testcase classname="tests.backend_test.TestCompanies" name="test_crud" time="0.590" /><testcase classname="tests.backend_test.TestJobs" name="test_list_and_create" time="0.988" /><testcase classname="tests.backend_test.TestBatches" name="test_list_create" time="0.616" /><testcase classname="tests.backend_test.TestNotifications" name="test_list_and_mark" time="0.353" /><testcase classname="tests.backend_test.TestActivity" name="test_logs" time="0.104" /><testcase classname="tests.backend_test.TestDashboard" name="test_admin" time="0.119" /><testcase classname="tests.backend_test.TestDashboard" name="test_employee" time="0.113" /><testcase classname="tests.backend_test.TestDashboard" name="test_candidate" time="0.428" /><testcase classname="tests.backend_test.TestSearch" name="test_global" time="0.107" /><testcase classname="tests.backend_test.TestReports" name="test_placements" time="0.116" /><testcase classname="tests.backend_test.TestReports" name="test_summary" time="0.103" /><testcase classname="tests.backend_test.TestReports" name="test_csv_export" time="0.116" /><testcase classname="tests.backend_test.TestReports" name="test_csv_import" time="0.111" /><testcase classname="tests.backend_test.TestRBAC" name="test_employee_cant_create_employee" time="0.101" /><testcase classname="tests.backend_test.TestRBAC" name="test_employee_cant_admin_dashboard" time="0.095" /><testcase classname="tests.backend_test.TestRBAC" name="test_employee_cant_create_company" time="0.102" /><testcase classname="tests.backend_test.TestRBAC" name="test_candidate_cant_list_candidates_full" time="0.132" /><testcase classname="tests.backend_test.TestRBAC" name="test_no_auth" time="0.108" /><testcase classname="tests.test_phase2.TestAuthActivity" name="test_login_creates_activity" time="0.445" /><testcase classname="tests.test_phase2.TestAuthActivity" name="test_log_logout" time="0.101" /><testcase classname="tests.test_phase2.TestRegisterFull" name="test_register_multipart" time="1.409" /><testcase classname="tests.test_phase2.TestRegisterFull" name="test_registered_candidate_visible_in_list" time="0.106" /><testcase classname="tests.test_phase2.TestPartners" name="test_list_partners" time="0.120" /><testcase classname="tests.test_phase2.TestPartners" name="test_create_partner" time="0.104" /><testcase classname="tests.test_phase2.TestPartners" name="test_create_partner_idempotent_by_phone" time="0.103" /><testcase classname="tests.test_phase2.TestPartners" name="test_get_partner_with_candidates" time="0.096" /><testcase classname="tests.test_phase2.TestPartners" name="test_patch_partner" time="0.144" /><testcase classname="tests.test_phase2.TestPartners" name="test_delete_partner_no_candidates" time="0.221" /><testcase classname="tests.test_phase2.TestVerifyV2" name="test_verify_with_new_partner" time="0.343" /><testcase classname="tests.test_phase2.TestVerifyV2" name="test_verify_idempotent_same_phone" time="0.196" /><testcase classname="tests.test_phase2.TestVerifyV2" name="test_verify_with_existing_partner_id" time="0.219" /><testcase classname="tests.test_phase2.TestCandidateFilters" name="test_filter_by_partner_id" time="0.100" /><testcase classname="tests.test_phase2.TestCandidateFilters" name="test_search_reference_name" time="0.102" /><testcase classname="tests.test_phase2.TestCandidateFilters" name="test_include_archived_toggle" time="0.106" /><testcase classname="tests.test_phase2.TestLifecycle" name="test_archive_restore" time="0.688" /><testcase classname="tests.test_phase2.TestLifecycle" name="test_soft_delete_hides" time="0.307" /><testcase classname="tests.test_phase2.TestLifecycle" name="test_permanent_delete" time="0.320" /><testcase classname="tests.test_phase2.TestDuplicateMerge" name="test_duplicate_check" time="0.222" /><testcase classname="tests.test_phase2.TestDuplicateMerge" name="test_merge" time="0.398" /><testcase classname="tests.test_phase2.TestEmployeeDetail" name="test_admin_can_fetch" time="0.454" /><testcase classname="tests.test_phase2.TestEmployeeDetail" name="test_employee_self_access" time="0.414" /><testcase classname="tests.test_phase2.TestEmployeeDetail" name="test_employee_cannot_fetch_others" time="0.523" /><testcase classname="tests.test_phase2.TestCompanyHiring" name="test_hiring_history" time="0.224" /><testcase classname="tests.test_phase2.TestJobActions" name="test_workspace_close_reopen_alloc_remove" time="38.102" /><testcase classname="tests.test_phase2.TestBatchActions" name="test_batch_transitions" time="2.411" /><testcase classname="tests.test_phase2.TestOrgSettings" name="test_get_default" time="0.105" /><testcase classname="tests.test_phase2.TestOrgSettings" name="test_update" time="0.107" /><testcase classname="tests.test_phase2.TestSavedFilters" name="test_crud" time="0.310" /><testcase classname="tests.test_phase2.TestExcel" name="test_preview" time="0.135" /><testcase classname="tests.test_phase2.TestExcel" name="test_import_and_skip_duplicates" time="11.335" /><testcase classname="tests.test_phase2.TestExcel" name="test_export" time="0.188" /><testcase classname="tests.test_phase2.TestSearchFull" name="test_keys_present" time="0.116" /><testcase classname="tests.test_phase2.TestQuickAndCompletion" name="test_quick_view" time="0.111" /><testcase classname="tests.test_phase2.TestQuickAndCompletion" name="test_recompute_completion" time="0.107" /><testcase classname="tests.test_phase2.TestNotifications" name="test_notifications_created_on_verify" time="0.101" /><testcase classname="tests.test_phase2.TestErrors" name="test_unknown_endpoint" time="0.098" /><testcase classname="tests.test_phase2.TestErrors" name="test_validation_error_422" time="0.105" /></testsuite></testsuites>