<?xml version="1.0" encoding="utf-8"?><testsuites name="pytest tests"><testsuite name="pytest" errors="0" failures="0" skipped="0" tests="18" time="1.268" timestamp="2026-07-10T22:13:35.241152+00:00" hostname="agent-env-18334660-e4b9-41af-976c-1315c453e977"><testcase classname="tests.test_phase4.TestPlacementsPublic" name="test_public_list_returns_seeded" time="0.005" /><testcase classname="tests.test_phase4.TestPlacementsPublic" name="test_public_list_no_auth_required" time="0.003" /><testcase classname="tests.test_phase4.TestPlacementsAdmin" name="test_list_admin" time="0.234" /><testcase classname="tests.test_phase4.TestPlacementsAdmin" name="test_rbac_employee_cannot_list" time="0.233" /><testcase classname="tests.test_phase4.TestPlacementsAdmin" name="test_rbac_employee_cannot_create" time="0.002" /><testcase classname="tests.test_phase4.TestPlacementsAdmin" name="test_create_update_publish_delete" time="0.442" /><testcase classname="tests.test_phase4.TestEnquiries" name="test_public_submit_no_auth" time="0.003" /><testcase classname="tests.test_phase4.TestEnquiries" name="test_admin_list_and_unread" time="0.003" /><testcase classname="tests.test_phase4.TestEnquiries" name="test_unread_count" time="0.002" /><testcase classname="tests.test_phase4.TestEnquiries" name="test_search_filter" time="0.003" /><testcase classname="tests.test_phase4.TestEnquiries" name="test_rbac_employee_forbidden" time="0.001" /><testcase classname="tests.test_phase4.TestEnquiries" name="test_admin_notifications_fired" time="0.003" /><testcase classname="tests.test_phase4.TestEnquiries" name="test_mark_read" time="0.005" /><testcase classname="tests.test_phase4.TestEnquiries" name="test_mark_replied" time="0.006" /><testcase classname="tests.test_phase4.TestEnquiries" name="test_status_filter" time="0.003" /><testcase classname="tests.test_phase4.TestEnquiries" name="test_export_xlsx" time="0.012" /><testcase classname="tests.test_phase4.TestEnquiries" name="test_delete" time="0.004" /><testcase classname="tests.test_phase4.TestRBACPublicEnquiryNoAuth" name="test_anonymous_can_submit" time="0.230" /></testsuite></testsuites>