<?xml version="1.0" encoding="utf-8"?><testsuites name="pytest tests"><testsuite name="pytest" errors="0" failures="0" skipped="0" tests="39" time="10.913" timestamp="2026-07-10T20:04:29.321975+00:00" hostname="agent-env-18334660-e4b9-41af-976c-1315c453e977"><testcase classname="tests.test_phase2.TestAuthActivity" name="test_login_creates_activity" time="0.551" /><testcase classname="tests.test_phase2.TestAuthActivity" name="test_log_logout" time="0.110" /><testcase classname="tests.test_phase2.TestRegisterFull" name="test_register_multipart" time="1.436" /><testcase classname="tests.test_phase2.TestRegisterFull" name="test_registered_candidate_visible_in_list" time="0.124" /><testcase classname="tests.test_phase2.TestPartners" name="test_list_partners" time="0.104" /><testcase classname="tests.test_phase2.TestPartners" name="test_create_partner" time="0.113" /><testcase classname="tests.test_phase2.TestPartners" name="test_create_partner_idempotent_by_phone" time="0.114" /><testcase classname="tests.test_phase2.TestPartners" name="test_get_partner_with_candidates" time="0.107" /><testcase classname="tests.test_phase2.TestPartners" name="test_patch_partner" time="0.102" /><testcase classname="tests.test_phase2.TestPartners" name="test_delete_partner_no_candidates" time="0.213" /><testcase classname="tests.test_phase2.TestVerifyV2" name="test_verify_with_new_partner" time="0.317" /><testcase classname="tests.test_phase2.TestVerifyV2" name="test_verify_idempotent_same_phone" time="0.216" /><testcase classname="tests.test_phase2.TestVerifyV2" name="test_verify_with_existing_partner_id" time="0.224" /><testcase classname="tests.test_phase2.TestCandidateFilters" name="test_filter_by_partner_id" time="0.108" /><testcase classname="tests.test_phase2.TestCandidateFilters" name="test_search_reference_name" time="0.100" /><testcase classname="tests.test_phase2.TestCandidateFilters" name="test_include_archived_toggle" time="0.123" /><testcase classname="tests.test_phase2.TestLifecycle" name="test_archive_restore" time="0.727" /><testcase classname="tests.test_phase2.TestLifecycle" name="test_soft_delete_hides" time="0.329" /><testcase classname="tests.test_phase2.TestLifecycle" name="test_permanent_delete" time="0.352" /><testcase classname="tests.test_phase2.TestDuplicateMerge" name="test_duplicate_check" time="0.265" /><testcase classname="tests.test_phase2.TestDuplicateMerge" name="test_merge" time="0.461" /><testcase classname="tests.test_phase2.TestEmployeeDetail" name="test_admin_can_fetch" time="0.449" /><testcase classname="tests.test_phase2.TestEmployeeDetail" name="test_employee_self_access" time="0.443" /><testcase classname="tests.test_phase2.TestEmployeeDetail" name="test_employee_cannot_fetch_others" time="0.544" /><testcase classname="tests.test_phase2.TestCompanyHiring" name="test_hiring_history" time="0.244" /><testcase classname="tests.test_phase2.TestJobActions" name="test_workspace_close_reopen_alloc_remove" time="0.794" /><testcase classname="tests.test_phase2.TestBatchActions" name="test_batch_transitions" time="0.304" /><testcase classname="tests.test_phase2.TestOrgSettings" name="test_get_default" time="0.118" /><testcase classname="tests.test_phase2.TestOrgSettings" name="test_update" time="0.115" /><testcase classname="tests.test_phase2.TestSavedFilters" name="test_crud" time="0.329" /><testcase classname="tests.test_phase2.TestExcel" name="test_preview" time="0.109" /><testcase classname="tests.test_phase2.TestExcel" name="test_import_and_skip_duplicates" time="0.123" /><testcase classname="tests.test_phase2.TestExcel" name="test_export" time="0.117" /><testcase classname="tests.test_phase2.TestSearchFull" name="test_keys_present" time="0.107" /><testcase classname="tests.test_phase2.TestQuickAndCompletion" name="test_quick_view" time="0.116" /><testcase classname="tests.test_phase2.TestQuickAndCompletion" name="test_recompute_completion" time="0.112" /><testcase classname="tests.test_phase2.TestNotifications" name="test_notifications_created_on_verify" time="0.152" /><testcase classname="tests.test_phase2.TestErrors" name="test_unknown_endpoint" time="0.106" /><testcase classname="tests.test_phase2.TestErrors" name="test_validation_error_422" time="0.102" /></testsuite></testsuites>