<?xml version="1.0" encoding="utf-8"?><testsuites name="pytest tests"><testsuite name="pytest" errors="0" failures="0" skipped="0" tests="34" time="9.589" timestamp="2026-07-10T19:13:26.606826+00:00" hostname="agent-env-18334660-e4b9-41af-976c-1315c453e977"><testcase classname="tests.backend_test.TestAuth" name="test_login_admin" time="0.401" /><testcase classname="tests.backend_test.TestAuth" name="test_login_employee" time="0.505" /><testcase classname="tests.backend_test.TestCandidates" name="test_list" time="0.913" /><testcase classname="tests.backend_test.TestAuth" name="test_login_candidate" time="0.362" /><testcase classname="tests.backend_test.TestCandidates" name="test_list_filter_status" time="0.099" /><testcase classname="tests.backend_test.TestCandidates" name="test_search_q" time="0.258" /><testcase classname="tests.backend_test.TestAuth" name="test_login_wrong_password" time="0.577" /><testcase classname="tests.backend_test.TestCandidates" name="test_employee_sees_only_own" time="0.683" /><testcase classname="tests.backend_test.TestCandidates" name="test_create_and_full_flow" time="3.518" /><testcase classname="tests.backend_test.TestAuth" name="test_me" time="0.508" /><testcase classname="tests.backend_test.TestAuth" name="test_me_unauth" time="0.118" /><testcase classname="tests.backend_test.TestAuth" name="test_change_password_then_revert" time="1.415" /><testcase classname="tests.backend_test.TestReports" name="test_placements" time="0.110" /><testcase classname="tests.backend_test.TestReports" name="test_summary" time="0.107" /><testcase classname="tests.backend_test.TestReports" name="test_csv_export" time="0.148" /><testcase classname="tests.backend_test.TestReports" name="test_csv_import" time="0.117" /><testcase classname="tests.backend_test.TestDashboard" name="test_admin" time="0.107" /><testcase classname="tests.backend_test.TestDashboard" name="test_employee" time="0.426" /><testcase classname="tests.backend_test.TestDashboard" name="test_candidate" time="0.466" /><testcase classname="tests.backend_test.TestPublicRegister" name="test_register" time="0.110" /><testcase classname="tests.backend_test.TestRBAC" name="test_employee_cant_create_employee" time="0.104" /><testcase classname="tests.backend_test.TestPublicRegister" name="test_register_duplicate" time="0.135" /><testcase classname="tests.backend_test.TestRBAC" name="test_employee_cant_admin_dashboard" time="0.113" /><testcase classname="tests.backend_test.TestEmployees" name="test_list" time="0.123" /><testcase classname="tests.backend_test.TestRBAC" name="test_employee_cant_create_company" time="0.102" /><testcase classname="tests.backend_test.TestEmployees" name="test_create_update_deactivate" time="0.710" /><testcase classname="tests.backend_test.TestRBAC" name="test_candidate_cant_list_candidates_full" time="0.631" /><testcase classname="tests.backend_test.TestRBAC" name="test_no_auth" time="0.117" /><testcase classname="tests.backend_test.TestCompanies" name="test_crud" time="0.639" /><testcase classname="tests.backend_test.TestBatches" name="test_list_create" time="0.732" /><testcase classname="tests.backend_test.TestJobs" name="test_list_and_create" time="1.823" /><testcase classname="tests.backend_test.TestNotifications" name="test_list_and_mark" time="0.328" /><testcase classname="tests.backend_test.TestSearch" name="test_global" time="0.127" /><testcase classname="tests.backend_test.TestActivity" name="test_logs" time="0.121" /></testsuite></testsuites>